<?xml version="1.0" ?>
<coverage version="7.4.0" timestamp="1704901768911" lines-valid="0" lines-covered="0" line-rate="1" branches-covered="0" branches-valid="0" branch-rate="0" complexity="0">
	<!-- Generated by coverage.py: https://coverage.readthedocs.io/en/7.4.0 -->
	<!-- Based on https://raw.githubusercontent.com/cobertura/web/master/htdocs/xml/coverage-04.dtd -->
	<sources>
		<source>/home/runner/work/amazon-orders-python/amazon-orders-python</source>
	</sources>
	<packages>
		<package name="amazonorders" line-rate="1" branch-rate="0" complexity="0">
			<classes>
				<class name="__init__.py" filename="amazonorders/__init__.py" complexity="0" line-rate="1" branch-rate="0">
					<methods/>
					<lines/>
				</class>
			</classes>
		</package>
		<package name="amazonorders.entity" line-rate="1" branch-rate="0" complexity="0">
			<classes>
				<class name="__init__.py" filename="amazonorders/entity/__init__.py" complexity="0" line-rate="1" branch-rate="0">
					<methods/>
					<lines/>
				</class>
			</classes>
		</package>
		<package name="amazonorders.page" line-rate="1" branch-rate="0" complexity="0">
			<classes>
				<class name="__init__.py" filename="amazonorders/page/__init__.py" complexity="0" line-rate="1" branch-rate="0">
					<methods/>
					<lines/>
				</class>
			</classes>
		</package>
	</packages>
</coverage>
